<?xml version="1.0" encoding="UTF-8"?>
<!-- Generated by org.testng.reporters.JUnitReportReporter -->
<testsuite hostname="LAPTOP-P18T1AKC" failures="0" tests="1" name="org.example.Parameters" time="10.510" errors="0" timestamp="2023-05-11T07:12:24 IST" skipped="0">
  <testcase classname="org.example.Parameters" name="testparameters" time="10.510"/>
  <system-out/>
</testsuite> <!-- org.example.Parameters -->
