<?xml version="1.0" encoding="UTF-8"?>
<!-- Generated by org.testng.reporters.JUnitReportReporter -->
<testsuite hostname="LAPTOP-P18T1AKC" failures="0" tests="1" name="org.example.SingleCheckbox" time="11.784" errors="0" timestamp="2023-05-11T07:12:24 IST" skipped="0">
  <testcase classname="org.example.SingleCheckbox" name="checkbox" time="11.784"/>
  <system-out/>
</testsuite> <!-- org.example.SingleCheckbox -->
